{
  "RSpec": {
    "coverage": {
      "/Users/benpourian/Projects/makers-academy/tech-test/vending-machine/spec/unit/vending_machine_spec.rb": [
        1,
        null,
        1,
        null,
        8,
        6,
        2,
        2,
        2,
        null,
        null,
        1,
        1,
        1,
        2,
        null,
        null,
        null,
        1,
        1,
        1,
        2,
        null,
        null,
        null,
        1,
        1,
        1,
        null,
        null,
        1,
        1,
        2,
        null,
        null,
        null,
        1,
        1,
        2,
        null,
        null,
        1,
        1,
        null,
        null,
        1,
        1,
        null,
        null,
        null,
        1,
        1,
        1,
        null,
        null,
        null,
        1,
        1,
        1,
        null,
        null,
        null
      ],
      "/Users/benpourian/Projects/makers-academy/tech-test/vending-machine/lib/vending_machine.rb": [
        1,
        null,
        1,
        1,
        null,
        1,
        1,
        null,
        null,
        null,
        1,
        1,
        1,
        null,
        null,
        null,
        1,
        1,
        1,
        null,
        null,
        1,
        2,
        2,
        1,
        null,
        null,
        1,
        5,
        null,
        null,
        1,
        1,
        null,
        null
      ]
    },
    "timestamp": 1523094053
  }
}
